2017-07-22T15:56:34+00:00 INFO Queuing 3.1.0 - wc_update_310_downloadable_products
2017-07-22T15:56:34+00:00 INFO Queuing 3.1.0 - wc_update_310_old_comments
2017-07-22T15:56:34+00:00 INFO Queuing 3.1.0 - wc_update_310_db_version
2017-07-22T15:56:37+00:00 INFO Running wc_update_310_downloadable_products callback
2017-07-22T15:56:37+00:00 INFO Finished wc_update_310_downloadable_products callback
2017-07-22T15:56:37+00:00 INFO Running wc_update_310_old_comments callback
2017-07-22T15:56:37+00:00 INFO Finished wc_update_310_old_comments callback
2017-07-22T15:56:37+00:00 INFO Running wc_update_310_db_version callback
2017-07-22T15:56:37+00:00 INFO Finished wc_update_310_db_version callback
2017-07-22T15:56:37+00:00 INFO Data update complete
2017-09-06T00:48:41+00:00 INFO Queuing 3.1.2 - wc_update_312_shop_manager_capabilities
2017-09-06T00:48:41+00:00 INFO Queuing 3.1.2 - wc_update_312_db_version
2017-09-06T00:48:44+00:00 INFO Running wc_update_312_shop_manager_capabilities callback
2017-09-06T00:48:44+00:00 INFO Finished wc_update_312_shop_manager_capabilities callback
2017-09-06T00:48:44+00:00 INFO Running wc_update_312_db_version callback
2017-09-06T00:48:44+00:00 INFO Finished wc_update_312_db_version callback
2017-09-06T00:48:44+00:00 INFO Data update complete
2017-10-17T06:23:56+00:00 INFO Queuing 3.2.0 - wc_update_320_mexican_states
2017-10-17T06:23:56+00:00 INFO Queuing 3.2.0 - wc_update_320_db_version
2017-10-17T06:24:00+00:00 INFO Running wc_update_320_mexican_states callback
2017-10-17T06:24:01+00:00 INFO Finished wc_update_320_mexican_states callback
2017-10-17T06:24:01+00:00 INFO Running wc_update_320_db_version callback
2017-10-17T06:24:01+00:00 INFO Finished wc_update_320_db_version callback
2017-10-17T06:24:01+00:00 INFO Data update complete
2017-10-17T16:56:04+00:00 INFO Queuing 3.2.0 - wc_update_320_mexican_states
2017-10-17T16:56:04+00:00 INFO Queuing 3.2.0 - wc_update_320_db_version
2017-10-17T16:56:08+00:00 INFO Running wc_update_320_mexican_states callback
2017-10-17T16:56:08+00:00 INFO Finished wc_update_320_mexican_states callback
2017-10-17T16:56:08+00:00 INFO Running wc_update_320_db_version callback
2017-10-17T16:56:08+00:00 INFO Finished wc_update_320_db_version callback
2017-10-17T16:56:08+00:00 INFO Data update complete
2017-10-17T19:13:06+00:00 INFO Queuing 3.2.0 - wc_update_320_mexican_states
2017-10-17T19:13:06+00:00 INFO Queuing 3.2.0 - wc_update_320_db_version
2017-10-17T19:13:30+00:00 INFO Running wc_update_320_mexican_states callback
2017-10-17T19:13:30+00:00 INFO Finished wc_update_320_mexican_states callback
2017-10-17T19:13:30+00:00 INFO Running wc_update_320_db_version callback
2017-10-17T19:13:30+00:00 INFO Finished wc_update_320_db_version callback
2017-10-17T19:13:30+00:00 INFO Data update complete
2017-10-17T20:10:48+00:00 INFO Queuing 3.2.0 - wc_update_320_mexican_states
2017-10-17T20:10:48+00:00 INFO Queuing 3.2.0 - wc_update_320_db_version
2017-10-17T20:11:01+00:00 INFO Running wc_update_320_mexican_states callback
2017-10-17T20:11:01+00:00 INFO Finished wc_update_320_mexican_states callback
2017-10-17T20:11:01+00:00 INFO Running wc_update_320_db_version callback
2017-10-17T20:11:01+00:00 INFO Finished wc_update_320_db_version callback
2017-10-17T20:11:01+00:00 INFO Data update complete
2017-10-22T20:49:22+00:00 INFO Queuing 3.2.0 - wc_update_320_mexican_states
2017-10-22T20:49:22+00:00 INFO Queuing 3.2.0 - wc_update_320_db_version
2017-10-22T20:49:26+00:00 INFO Running wc_update_320_mexican_states callback
2017-10-22T20:49:27+00:00 INFO Finished wc_update_320_mexican_states callback
2017-10-22T20:49:27+00:00 INFO Running wc_update_320_db_version callback
2017-10-22T20:49:27+00:00 INFO Finished wc_update_320_db_version callback
2017-10-22T20:49:27+00:00 INFO Data update complete
2017-10-28T21:39:46+00:00 INFO Queuing 3.2.0 - wc_update_320_mexican_states
2017-10-28T21:39:46+00:00 INFO Queuing 3.2.0 - wc_update_320_db_version
2017-10-28T21:39:49+00:00 INFO Running wc_update_320_mexican_states callback
2017-10-28T21:39:49+00:00 INFO Finished wc_update_320_mexican_states callback
2017-10-28T21:39:49+00:00 INFO Running wc_update_320_db_version callback
2017-10-28T21:39:49+00:00 INFO Finished wc_update_320_db_version callback
2017-10-28T21:39:49+00:00 INFO Data update complete
2017-11-07T01:11:03+00:00 INFO Queuing 3.2.0 - wc_update_320_mexican_states
2017-11-07T01:11:03+00:00 INFO Queuing 3.2.0 - wc_update_320_db_version
2017-11-07T01:11:06+00:00 INFO Running wc_update_320_mexican_states callback
2017-11-07T01:11:06+00:00 INFO Finished wc_update_320_mexican_states callback
2017-11-07T01:11:06+00:00 INFO Running wc_update_320_db_version callback
2017-11-07T01:11:06+00:00 INFO Finished wc_update_320_db_version callback
2017-11-07T01:11:06+00:00 INFO Data update complete
2018-02-14T02:18:03+00:00 INFO Queuing 3.2.0 - wc_update_320_mexican_states
2018-02-14T02:18:03+00:00 INFO Queuing 3.2.0 - wc_update_320_db_version
2018-02-14T02:18:04+00:00 INFO Running wc_update_320_mexican_states callback
2018-02-14T02:18:04+00:00 INFO Finished wc_update_320_mexican_states callback
2018-02-14T02:18:04+00:00 INFO Running wc_update_320_db_version callback
2018-02-14T02:18:04+00:00 INFO Finished wc_update_320_db_version callback
2018-02-14T02:18:04+00:00 INFO Data update complete
2018-02-14T02:22:15+00:00 INFO Queuing 3.3.0 - wc_update_330_image_options
2018-02-14T02:22:15+00:00 INFO Queuing 3.3.0 - wc_update_330_webhooks
2018-02-14T02:22:15+00:00 INFO Queuing 3.3.0 - wc_update_330_product_stock_status
2018-02-14T02:22:15+00:00 INFO Queuing 3.3.0 - wc_update_330_set_default_product_cat
2018-02-14T02:22:15+00:00 INFO Queuing 3.3.0 - wc_update_330_clear_transients
2018-02-14T02:22:15+00:00 INFO Queuing 3.3.0 - wc_update_330_set_paypal_sandbox_credentials
2018-02-14T02:22:15+00:00 INFO Queuing 3.3.0 - wc_update_330_db_version
2018-02-14T02:22:16+00:00 INFO Running wc_update_330_image_options callback
2018-02-14T02:22:16+00:00 INFO Finished wc_update_330_image_options callback
2018-02-14T02:22:16+00:00 INFO Running wc_update_330_webhooks callback
2018-02-14T02:22:16+00:00 INFO Finished wc_update_330_webhooks callback
2018-02-14T02:22:16+00:00 INFO Running wc_update_330_product_stock_status callback
2018-02-14T02:22:16+00:00 INFO Finished wc_update_330_product_stock_status callback
2018-02-14T02:22:16+00:00 INFO Running wc_update_330_set_default_product_cat callback
2018-02-14T02:22:16+00:00 INFO Finished wc_update_330_set_default_product_cat callback
2018-02-14T02:22:16+00:00 INFO Running wc_update_330_clear_transients callback
2018-02-14T02:22:16+00:00 INFO Finished wc_update_330_clear_transients callback
2018-02-14T02:22:16+00:00 INFO Running wc_update_330_set_paypal_sandbox_credentials callback
2018-02-14T02:22:16+00:00 INFO Finished wc_update_330_set_paypal_sandbox_credentials callback
2018-02-14T02:22:16+00:00 INFO Running wc_update_330_db_version callback
2018-02-14T02:22:16+00:00 INFO Finished wc_update_330_db_version callback
2018-02-14T02:22:16+00:00 INFO Data update complete
